setting 'ivy.default.settings.dir' to 'jar:file:/Users/linfengchi/git/amandroid/sireum-amandroid-build/tools/bin/sbt-launch.jar!/org/apache/ivy/core/settings'
setting 'ivy.basedir' to '/Users/linfengchi/git/amandroid/sireum-amandroid-build/.'
setting 'ivy.default.conf.dir' to 'jar:file:/Users/linfengchi/git/amandroid/sireum-amandroid-build/tools/bin/sbt-launch.jar!/org/apache/ivy/core/settings'
impossible to define new type: class not found: org.apache.ivy.plugins.resolver.SshResolver in [] nor Ivy classloader
impossible to define new type: class not found: org.apache.ivy.plugins.resolver.VsftpResolver in [] nor Ivy classloader
impossible to define new type: class not found: org.apache.ivy.plugins.version.PatternVersionMatcher in [] nor Ivy classloader
impossible to define new type: class not found: org.apache.ivy.plugins.trigger.LogTrigger in [] nor Ivy classloader
impossible to define new type: class not found: org.apache.ivy.ant.AntBuildTrigger in [] nor Ivy classloader
impossible to define new type: class not found: org.apache.ivy.plugins.resolver.IvyRepResolver in [] nor Ivy classloader
impossible to define new type: class not found: org.apache.ivy.plugins.signer.bouncycastle.OpenPGPSignatureGenerator in [] nor Ivy classloader
impossible to define new type: class not found: org.apache.ivy.plugins.conflict.RegexpConflictManager in [] nor Ivy classloader
impossible to define new type: class not found: org.apache.ivy.plugins.resolver.SFTPResolver in [] nor Ivy classloader
impossible to define new type: class not found: org.apache.ivy.osgi.updatesite.UpdateSiteResolver in [] nor Ivy classloader
impossible to define new type: class not found: org.apache.ivy.ant.AntCallTrigger in [] nor Ivy classloader
impossible to define new type: class not found: org.apache.ivy.plugins.resolver.MirroredURLResolver in [] nor Ivy classloader
impossible to define new type: class not found: org.apache.ivy.plugins.resolver.packager.PackagerResolver in [] nor Ivy classloader
impossible to define new type: class not found: org.apache.ivy.plugins.resolver.DualResolver in [] nor Ivy classloader
impossible to define new type: class not found: org.apache.ivy.plugins.resolver.VfsResolver in [] nor Ivy classloader
impossible to define new type: class not found: org.apache.ivy.plugins.resolver.JarResolver in [] nor Ivy classloader
impossible to define new type: class not found: org.apache.ivy.osgi.obr.OBRResolver in [] nor Ivy classloader
impossible to define glob matcher: org.apache.ivy.plugins.matcher.GlobPatternMatcher was not found.
setting 'jline.esc.timeout' to '0'
setting 'sbt.ivy.home' to '/Users/linfengchi/git/amandroid/sireum-amandroid-build/sbt/sbtivy'
setting 'java.runtime.name' to 'Java(TM) SE Runtime Environment'
setting 'sun.boot.library.path' to '/System/Library/Java/JavaVirtualMachines/1.6.0.jdk/Contents/Libraries'
setting 'java.vm.version' to '20.65-b04-462'
setting 'awt.nativeDoubleBuffering' to 'true'
setting 'gopherProxySet' to 'false'
setting 'mrj.build' to '11M4609'
setting 'java.vm.vendor' to 'Apple Inc.'
setting 'java.vendor.url' to 'http://www.apple.com/'
setting 'path.separator' to ':'
setting 'java.vm.name' to 'Java HotSpot(TM) 64-Bit Server VM'
setting 'file.encoding.pkg' to 'sun.io'
setting 'sun.java.launcher' to 'SUN_STANDARD'
setting 'user.country' to 'CN'
setting 'sun.os.patch.level' to 'unknown'
setting 'java.vm.specification.name' to 'Java Virtual Machine Specification'
setting 'user.dir' to '/Users/linfengchi/git/amandroid/sireum-amandroid-build'
setting 'java.runtime.version' to '1.6.0_65-b14-462-11M4609'
setting 'java.awt.graphicsenv' to 'apple.awt.CGraphicsEnvironment'
setting 'java.endorsed.dirs' to '/System/Library/Java/JavaVirtualMachines/1.6.0.jdk/Contents/Home/lib/endorsed'
setting 'os.arch' to 'x86_64'
setting 'java.io.tmpdir' to '/var/folders/sg/vx2y_7g948vgm_gw7h5zh12h0000gn/T/'
setting 'line.separator' to '
'
setting 'java.vm.specification.vendor' to 'Sun Microsystems Inc.'
setting 'os.name' to 'Mac OS X'
setting 'sun.jnu.encoding' to 'EUC_CN'
setting 'java.library.path' to '.:/Library/Java/Extensions:/System/Library/Java/Extensions:/usr/lib/java'
setting 'java.specification.name' to 'Java Platform API Specification'
setting 'java.class.version' to '50.0'
setting 'sun.management.compiler' to 'HotSpot 64-Bit Tiered Compilers'
setting 'os.version' to '10.9.5'
setting 'http.nonProxyHosts' to 'local|*.local|169.254/16|*.169.254/16'
setting 'user.home' to '/Users/linfengchi'
setting 'ivy.home' to '/Users/linfengchi/git/amandroid/sireum-amandroid-build/sbt/ivy'
setting 'user.timezone' to 'Asia/Shanghai'
setting 'java.awt.printerjob' to 'apple.awt.CPrinterJob'
setting 'file.encoding' to 'UTF8'
setting 'java.specification.version' to '1.6'
setting 'java.class.path' to '/Users/linfengchi/git/amandroid/sireum-amandroid-build/tools/bin/sbt-launch.jar'
setting 'user.name' to 'linfengchi'
setting 'jline.shutdownhook' to 'false'
setting 'java.vm.specification.version' to '1.0'
setting 'sun.java.command' to '/Users/linfengchi/git/amandroid/sireum-amandroid-build/tools/bin/sbt-launch.jar'
setting 'java.home' to '/System/Library/Java/JavaVirtualMachines/1.6.0.jdk/Contents/Home'
setting 'sun.arch.data.model' to '64'
setting 'user.language' to 'zh'
setting 'java.specification.vendor' to 'Sun Microsystems Inc.'
setting 'awt.toolkit' to 'apple.awt.CToolkit'
setting 'java.vm.info' to 'mixed mode'
setting 'java.version' to '1.6.0_65'
setting 'java.ext.dirs' to '/Library/Java/Extensions:/System/Library/Java/Extensions:/System/Library/Java/JavaVirtualMachines/1.6.0.jdk/Contents/Home/lib/ext'
setting 'sun.boot.class.path' to '/System/Library/Java/JavaVirtualMachines/1.6.0.jdk/Contents/Classes/jsfd.jar:/System/Library/Java/JavaVirtualMachines/1.6.0.jdk/Contents/Classes/classes.jar:/System/Library/Frameworks/JavaVM.framework/Frameworks/JavaRuntimeSupport.framework/Resources/Java/JavaRuntimeSupport.jar:/System/Library/Java/JavaVirtualMachines/1.6.0.jdk/Contents/Classes/ui.jar:/System/Library/Java/JavaVirtualMachines/1.6.0.jdk/Contents/Classes/laf.jar:/System/Library/Java/JavaVirtualMachines/1.6.0.jdk/Contents/Classes/sunrsasign.jar:/System/Library/Java/JavaVirtualMachines/1.6.0.jdk/Contents/Classes/jsse.jar:/System/Library/Java/JavaVirtualMachines/1.6.0.jdk/Contents/Classes/jce.jar:/System/Library/Java/JavaVirtualMachines/1.6.0.jdk/Contents/Classes/charsets.jar'
setting 'java.vendor' to 'Apple Inc.'
setting 'file.separator' to '/'
setting 'java.vendor.url.bug' to 'http://bugreport.apple.com/'
setting 'sun.io.unicode.encoding' to 'UnicodeLittle'
setting 'sun.cpu.endian' to 'little'
setting 'mrj.version' to '1070.1.6.0_65-462'
setting 'sbt.boot.directory' to '/Users/linfengchi/git/amandroid/sireum-amandroid-build/sbt/boot'
setting 'socksNonProxyHosts' to 'local|*.local|169.254/16|*.169.254/16'
setting 'ftp.nonProxyHosts' to 'local|*.local|169.254/16|*.169.254/16'
setting 'sun.cpu.isalist' to ''
setting 'ivy.default.ivy.user.dir' to '/Users/linfengchi/git/amandroid/sireum-amandroid-build/sbt/sbtivy'
setting 'ivy.home' to '/Users/linfengchi/git/amandroid/sireum-amandroid-build/sbt/sbtivy'
setting 'ivy.cache.dir' to '/Users/linfengchi/git/amandroid/sireum-amandroid-build/sbt/sbtivy/cache'
no default cache defined: set to /Users/linfengchi/git/amandroid/sireum-amandroid-build/sbt/sbtivy/cache
setting 'ivy.checksums' to 'sha1,md5'
setting 'ivy.basedir' to '/Users/linfengchi/git/amandroid/sireum-amandroid-build/sbt/boot'
setting 'basedir' to '/Users/linfengchi/git/amandroid/sireum-amandroid-build/sbt/boot'
setting 'scala' to '2.10.4'
:: resolving dependencies :: org.scala-sbt#boot-scala;1.0
	confs: [default]
	validate = true
	refresh = false
resolving dependencies for configuration 'default'
== resolving dependencies for org.scala-sbt#boot-scala;1.0 [default]
loadData of org.scala-sbt#boot-scala;1.0 of rootConf=default
== resolving dependencies org.scala-sbt#boot-scala;1.0->org.scala-lang#scala-compiler;2.10.4 [default->default]
loadData of org.scala-lang#scala-compiler;2.10.4 of rootConf=default
	using redefined-public to resolve org.scala-lang#scala-compiler;2.10.4
redefined-public: Checking cache for: dependency: org.scala-lang#scala-compiler;2.10.4 {default=[default, optional(default)]}
redefined-public: no namespace defined: using system
No entry is found in the ModuleDescriptorCache : /Users/linfengchi/git/amandroid/sireum-amandroid-build/sbt/sbtivy/cache/org.scala-lang/scala-compiler/ivy-2.10.4.xml
post 1.3 ivy file: using exact as default matcher
	found ivy file in cache for org.scala-lang#scala-compiler;2.10.4 (resolved by redefined-public): /Users/linfengchi/git/amandroid/sireum-amandroid-build/sbt/sbtivy/cache/org.scala-lang/scala-compiler/ivy-2.10.4.xml
redefined-public: module revision found in cache: org.scala-lang#scala-compiler;2.10.4
redefined-public: no latest strategy defined: using default
	found org.scala-lang#scala-compiler;2.10.4 in redefined-public
== resolving dependencies org.scala-sbt#boot-scala;1.0->org.scala-lang#scala-compiler;2.10.4 [default->runtime]
loadData of org.scala-lang#scala-compiler;2.10.4 of rootConf=default
== resolving dependencies org.scala-sbt#boot-scala;1.0->org.scala-lang#scala-compiler;2.10.4 [default->compile]
loadData of org.scala-lang#scala-compiler;2.10.4 of rootConf=default
== resolving dependencies org.scala-lang#scala-compiler;2.10.4->org.scala-lang#scala-library;2.10.4 [compile->master(*)]
loadData of org.scala-lang#scala-library;2.10.4 of rootConf=default
	using redefined-public to resolve org.scala-lang#scala-library;2.10.4
redefined-public: Checking cache for: dependency: org.scala-lang#scala-library;2.10.4 {compile=[compile(*), master(*)], runtime=[runtime(*)]}
No entry is found in the ModuleDescriptorCache : /Users/linfengchi/git/amandroid/sireum-amandroid-build/sbt/sbtivy/cache/org.scala-lang/scala-library/ivy-2.10.4.xml
post 1.3 ivy file: using exact as default matcher
	found ivy file in cache for org.scala-lang#scala-library;2.10.4 (resolved by redefined-public): /Users/linfengchi/git/amandroid/sireum-amandroid-build/sbt/sbtivy/cache/org.scala-lang/scala-library/ivy-2.10.4.xml
redefined-public: module revision found in cache: org.scala-lang#scala-library;2.10.4
	found org.scala-lang#scala-library;2.10.4 in redefined-public
== resolving dependencies org.scala-lang#scala-compiler;2.10.4->org.scala-lang#scala-library;2.10.4 [compile->compile(*)]
loadData of org.scala-lang#scala-library;2.10.4 of rootConf=default
== resolving dependencies org.scala-lang#scala-compiler;2.10.4->org.scala-lang#scala-library;2.10.4 [compile->default]
loadData of org.scala-lang#scala-library;2.10.4 of rootConf=default
== resolving dependencies org.scala-lang#scala-compiler;2.10.4->org.scala-lang#scala-library;2.10.4 [compile->runtime]
loadData of org.scala-lang#scala-library;2.10.4 of rootConf=default
== resolving dependencies org.scala-lang#scala-compiler;2.10.4->org.scala-lang#scala-library;2.10.4 [compile->compile]
loadData of org.scala-lang#scala-library;2.10.4 of rootConf=default
== resolving dependencies org.scala-lang#scala-compiler;2.10.4->org.scala-lang#scala-library;2.10.4 [compile->master]
loadData of org.scala-lang#scala-library;2.10.4 of rootConf=default
== resolving dependencies org.scala-lang#scala-compiler;2.10.4->org.scala-lang#scala-library;2.10.4 [compile->runtime(*)]
loadData of org.scala-lang#scala-library;2.10.4 of rootConf=default
== resolving dependencies org.scala-lang#scala-compiler;2.10.4->org.scala-lang#scala-library;2.10.4 [compile->compile]
loadData of org.scala-lang#scala-library;2.10.4 of rootConf=default
default is loaded and no conf to load.  Skip loading
== resolving dependencies org.scala-lang#scala-compiler;2.10.4->org.scala-lang#scala-reflect;2.10.4 [compile->master(*)]
loadData of org.scala-lang#scala-reflect;2.10.4 of rootConf=default
	using redefined-public to resolve org.scala-lang#scala-reflect;2.10.4
redefined-public: Checking cache for: dependency: org.scala-lang#scala-reflect;2.10.4 {compile=[compile(*), master(*)], runtime=[runtime(*)]}
No entry is found in the ModuleDescriptorCache : /Users/linfengchi/git/amandroid/sireum-amandroid-build/sbt/sbtivy/cache/org.scala-lang/scala-reflect/ivy-2.10.4.xml
post 1.3 ivy file: using exact as default matcher
	found ivy file in cache for org.scala-lang#scala-reflect;2.10.4 (resolved by redefined-public): /Users/linfengchi/git/amandroid/sireum-amandroid-build/sbt/sbtivy/cache/org.scala-lang/scala-reflect/ivy-2.10.4.xml
redefined-public: module revision found in cache: org.scala-lang#scala-reflect;2.10.4
	found org.scala-lang#scala-reflect;2.10.4 in redefined-public
== resolving dependencies org.scala-lang#scala-compiler;2.10.4->org.scala-lang#scala-reflect;2.10.4 [compile->compile(*)]
loadData of org.scala-lang#scala-reflect;2.10.4 of rootConf=default
== resolving dependencies org.scala-lang#scala-reflect;2.10.4->org.scala-lang#scala-library;2.10.4 [compile->master(*)]
loadData of org.scala-lang#scala-library;2.10.4 of rootConf=default
default is loaded and no conf to load.  Skip loading
== resolving dependencies org.scala-lang#scala-reflect;2.10.4->org.scala-lang#scala-library;2.10.4 [compile->compile(*)]
loadData of org.scala-lang#scala-library;2.10.4 of rootConf=default
default is loaded and no conf to load.  Skip loading
== resolving dependencies org.scala-lang#scala-compiler;2.10.4->org.scala-lang#scala-reflect;2.10.4 [compile->runtime(*)]
loadData of org.scala-lang#scala-reflect;2.10.4 of rootConf=default
== resolving dependencies org.scala-lang#scala-compiler;2.10.4->org.scala-lang#scala-reflect;2.10.4 [compile->compile]
loadData of org.scala-lang#scala-reflect;2.10.4 of rootConf=default
== resolving dependencies org.scala-lang#scala-reflect;2.10.4->org.scala-lang#scala-library;2.10.4 [runtime->runtime(*)]
loadData of org.scala-lang#scala-library;2.10.4 of rootConf=default
default is loaded and no conf to load.  Skip loading
== resolving dependencies org.scala-lang#scala-reflect;2.10.4->org.scala-lang#scala-library;2.10.4 [runtime->compile]
loadData of org.scala-lang#scala-library;2.10.4 of rootConf=default
default is loaded and no conf to load.  Skip loading
== resolving dependencies org.scala-lang#scala-compiler;2.10.4->org.scala-lang#scala-library;2.10.4 [runtime->runtime(*)]
loadData of org.scala-lang#scala-library;2.10.4 of rootConf=default
default is loaded and no conf to load.  Skip loading
== resolving dependencies org.scala-lang#scala-compiler;2.10.4->org.scala-lang#scala-library;2.10.4 [runtime->compile]
loadData of org.scala-lang#scala-library;2.10.4 of rootConf=default
default is loaded and no conf to load.  Skip loading
== resolving dependencies org.scala-lang#scala-compiler;2.10.4->org.scala-lang#scala-reflect;2.10.4 [runtime->runtime(*)]
loadData of org.scala-lang#scala-reflect;2.10.4 of rootConf=default
default is loaded and no conf to load.  Skip loading
== resolving dependencies org.scala-lang#scala-compiler;2.10.4->org.scala-lang#scala-reflect;2.10.4 [runtime->compile]
loadData of org.scala-lang#scala-reflect;2.10.4 of rootConf=default
default is loaded and no conf to load.  Skip loading
== resolving dependencies org.scala-sbt#boot-scala;1.0->org.scala-lang#scala-compiler;2.10.4 [default->master]
loadData of org.scala-lang#scala-compiler;2.10.4 of rootConf=default
== resolving dependencies org.scala-sbt#boot-scala;1.0->org.scala-lang#scala-compiler;2.10.4 [default->optional(default)]
loadData of org.scala-lang#scala-compiler;2.10.4 of rootConf=default
== resolving dependencies org.scala-lang#scala-compiler;2.10.4->org.scala-lang#jline;2.10.4 [optional->master(*)]
loadData of org.scala-lang#jline;2.10.4 of rootConf=default
	using redefined-public to resolve org.scala-lang#jline;2.10.4
redefined-public: Checking cache for: dependency: org.scala-lang#jline;2.10.4 {optional=[compile(*), master(*)]}
	no ivy file in cache for org.scala-lang#jline;2.10.4: tried /Users/linfengchi/git/amandroid/sireum-amandroid-build/sbt/sbtivy/cache/org.scala-lang/jline/ivy-2.10.4.xml
local: no namespace defined: using system
	no ivy file in cache for org.scala-lang#jline;2.10.4: tried /Users/linfengchi/git/amandroid/sireum-amandroid-build/sbt/sbtivy/cache/org.scala-lang/jline/ivy-2.10.4.xml
	 trying /Users/linfengchi/git/amandroid/sireum-amandroid-build/sbt/sbtivy/local/org.scala-lang/jline/2.10.4/ivys/ivy.xml
		tried /Users/linfengchi/git/amandroid/sireum-amandroid-build/sbt/sbtivy/local/org.scala-lang/jline/2.10.4/ivys/ivy.xml
	local: resource not reachable for org.scala-lang#jline;2.10.4: res=/Users/linfengchi/git/amandroid/sireum-amandroid-build/sbt/sbtivy/local/org.scala-lang/jline/2.10.4/ivys/ivy.xml
	 trying /Users/linfengchi/git/amandroid/sireum-amandroid-build/sbt/sbtivy/local/org.scala-lang/jline/2.10.4/jars/jline.jar
		tried /Users/linfengchi/git/amandroid/sireum-amandroid-build/sbt/sbtivy/local/org.scala-lang/jline/2.10.4/jars/jline.jar
	local: resource not reachable for org.scala-lang#jline;2.10.4: res=/Users/linfengchi/git/amandroid/sireum-amandroid-build/sbt/sbtivy/local/org.scala-lang/jline/2.10.4/jars/jline.jar
	local: no ivy file nor artifact found for org.scala-lang#jline;2.10.4
typesafe-ivy-releases: no namespace defined: using system
	no ivy file in cache for org.scala-lang#jline;2.10.4: tried /Users/linfengchi/git/amandroid/sireum-amandroid-build/sbt/sbtivy/cache/org.scala-lang/jline/ivy-2.10.4.xml
	 trying http://repo.typesafe.com/typesafe/ivy-releases/org.scala-lang/jline/2.10.4/ivys/ivy.xml
		tried http://repo.typesafe.com/typesafe/ivy-releases/org.scala-lang/jline/2.10.4/ivys/ivy.xml
HTTP response status: 404 url=http://repo.typesafe.com/typesafe/ivy-releases/org.scala-lang/jline/2.10.4/ivys/ivy.xml
CLIENT ERROR: Not Found url=http://repo.typesafe.com/typesafe/ivy-releases/org.scala-lang/jline/2.10.4/ivys/ivy.xml
	typesafe-ivy-releases: resource not reachable for org.scala-lang#jline;2.10.4: res=http://repo.typesafe.com/typesafe/ivy-releases/org.scala-lang/jline/2.10.4/ivys/ivy.xml
	typesafe-ivy-releases: no ivy file found for org.scala-lang#jline;2.10.4
Maven Central: no namespace defined: using system
	no ivy file in cache for org.scala-lang#jline;2.10.4: tried /Users/linfengchi/git/amandroid/sireum-amandroid-build/sbt/sbtivy/cache/org.scala-lang/jline/ivy-2.10.4.xml
	 trying http://repo1.maven.org/maven2/org/scala-lang/jline/2.10.4/jline-2.10.4.pom
		tried http://repo1.maven.org/maven2/org/scala-lang/jline/2.10.4/jline-2.10.4.pom
	Maven Central: found md file for org.scala-lang#jline;2.10.4
		=> http://repo1.maven.org/maven2/org/scala-lang/jline/2.10.4/jline-2.10.4.pom (2.10.4)
	parser = pom parser
	no ivy file in cache for org.scala-lang#jline;2.10.4: tried /Users/linfengchi/git/amandroid/sireum-amandroid-build/sbt/sbtivy/cache/org.scala-lang/jline/ivy-2.10.4.xml
downloading http://repo1.maven.org/maven2/org/scala-lang/jline/2.10.4/jline-2.10.4.pom ...
	Maven Central: downloading http://repo1.maven.org/maven2/org/scala-lang/jline/2.10.4/jline-2.10.4.pom
		to /Users/linfengchi/git/amandroid/sireum-amandroid-build/sbt/sbtivy/cache/org.scala-lang/jline/ivy-2.10.4.xml.original.part
sha1 file found for http://repo1.maven.org/maven2/org/scala-lang/jline/2.10.4/jline-2.10.4.pom: checking...
	Maven Central: downloading http://repo1.maven.org/maven2/org/scala-lang/jline/2.10.4/jline-2.10.4.pom.sha1
		to /var/folders/sg/vx2y_7g948vgm_gw7h5zh12h0000gn/T/ivytmp463853923767255934sha1
sha1 OK for http://repo1.maven.org/maven2/org/scala-lang/jline/2.10.4/jline-2.10.4.pom
	[SUCCESSFUL ] org.scala-lang#jline;2.10.4!jline.pom(pom.original) (2451ms)
	 trying /Users/linfengchi/git/amandroid/sireum-amandroid-build/sbt/sbtivy/local/org.scala-lang/jline/2.10.4/jars/jline.jar
		tried /Users/linfengchi/git/amandroid/sireum-amandroid-build/sbt/sbtivy/local/org.scala-lang/jline/2.10.4/jars/jline.jar
	local: resource not reachable for org.scala-lang#jline;2.10.4: res=/Users/linfengchi/git/amandroid/sireum-amandroid-build/sbt/sbtivy/local/org.scala-lang/jline/2.10.4/jars/jline.jar
	 trying http://repo.typesafe.com/typesafe/ivy-releases/org.scala-lang/jline/2.10.4/jars/jline.jar
		tried http://repo.typesafe.com/typesafe/ivy-releases/org.scala-lang/jline/2.10.4/jars/jline.jar
HTTP response status: 404 url=http://repo.typesafe.com/typesafe/ivy-releases/org.scala-lang/jline/2.10.4/jars/jline.jar
CLIENT ERROR: Not Found url=http://repo.typesafe.com/typesafe/ivy-releases/org.scala-lang/jline/2.10.4/jars/jline.jar
	typesafe-ivy-releases: resource not reachable for org.scala-lang#jline;2.10.4: res=http://repo.typesafe.com/typesafe/ivy-releases/org.scala-lang/jline/2.10.4/jars/jline.jar
	 trying http://repo1.maven.org/maven2/org/scala-lang/jline/2.10.4/jline-2.10.4.jar
		tried http://repo1.maven.org/maven2/org/scala-lang/jline/2.10.4/jline-2.10.4.jar
no source artifact found for org.scala-lang#jline;2.10.4
no javadoc artifact found for org.scala-lang#jline;2.10.4
	default-cache: parsed downloaded md file for org.scala-lang#jline;2.10.4; parsed=org.scala-lang#jline;2.10.4
	checking org.scala-lang#jline;2.10.4 from Maven Central against [none]
	module revision kept as first found: org.scala-lang#jline;2.10.4 from Maven Central
	found org.scala-lang#jline;2.10.4 in Maven Central
== resolving dependencies org.scala-lang#scala-compiler;2.10.4->org.scala-lang#jline;2.10.4 [optional->compile(*)]
loadData of org.scala-lang#jline;2.10.4 of rootConf=default
== resolving dependencies org.scala-lang#jline;2.10.4->org.fusesource.jansi#jansi;1.4 [compile->master(*)]
loadData of org.fusesource.jansi#jansi;1.4 of rootConf=default
	using redefined-public to resolve org.fusesource.jansi#jansi;1.4
redefined-public: Checking cache for: dependency: org.fusesource.jansi#jansi;1.4 {compile=[compile(*), master(*)], runtime=[runtime(*)]}
	no ivy file in cache for org.fusesource.jansi#jansi;1.4: tried /Users/linfengchi/git/amandroid/sireum-amandroid-build/sbt/sbtivy/cache/org.fusesource.jansi/jansi/ivy-1.4.xml
	no ivy file in cache for org.fusesource.jansi#jansi;1.4: tried /Users/linfengchi/git/amandroid/sireum-amandroid-build/sbt/sbtivy/cache/org.fusesource.jansi/jansi/ivy-1.4.xml
	 trying /Users/linfengchi/git/amandroid/sireum-amandroid-build/sbt/sbtivy/local/org.fusesource.jansi/jansi/1.4/ivys/ivy.xml
		tried /Users/linfengchi/git/amandroid/sireum-amandroid-build/sbt/sbtivy/local/org.fusesource.jansi/jansi/1.4/ivys/ivy.xml
	local: resource not reachable for org.fusesource.jansi#jansi;1.4: res=/Users/linfengchi/git/amandroid/sireum-amandroid-build/sbt/sbtivy/local/org.fusesource.jansi/jansi/1.4/ivys/ivy.xml
	 trying /Users/linfengchi/git/amandroid/sireum-amandroid-build/sbt/sbtivy/local/org.fusesource.jansi/jansi/1.4/jars/jansi.jar
		tried /Users/linfengchi/git/amandroid/sireum-amandroid-build/sbt/sbtivy/local/org.fusesource.jansi/jansi/1.4/jars/jansi.jar
	local: resource not reachable for org.fusesource.jansi#jansi;1.4: res=/Users/linfengchi/git/amandroid/sireum-amandroid-build/sbt/sbtivy/local/org.fusesource.jansi/jansi/1.4/jars/jansi.jar
	local: no ivy file nor artifact found for org.fusesource.jansi#jansi;1.4
	no ivy file in cache for org.fusesource.jansi#jansi;1.4: tried /Users/linfengchi/git/amandroid/sireum-amandroid-build/sbt/sbtivy/cache/org.fusesource.jansi/jansi/ivy-1.4.xml
	 trying http://repo.typesafe.com/typesafe/ivy-releases/org.fusesource.jansi/jansi/1.4/ivys/ivy.xml
		tried http://repo.typesafe.com/typesafe/ivy-releases/org.fusesource.jansi/jansi/1.4/ivys/ivy.xml
HTTP response status: 404 url=http://repo.typesafe.com/typesafe/ivy-releases/org.fusesource.jansi/jansi/1.4/ivys/ivy.xml
CLIENT ERROR: Not Found url=http://repo.typesafe.com/typesafe/ivy-releases/org.fusesource.jansi/jansi/1.4/ivys/ivy.xml
	typesafe-ivy-releases: resource not reachable for org.fusesource.jansi#jansi;1.4: res=http://repo.typesafe.com/typesafe/ivy-releases/org.fusesource.jansi/jansi/1.4/ivys/ivy.xml
	typesafe-ivy-releases: no ivy file found for org.fusesource.jansi#jansi;1.4
	no ivy file in cache for org.fusesource.jansi#jansi;1.4: tried /Users/linfengchi/git/amandroid/sireum-amandroid-build/sbt/sbtivy/cache/org.fusesource.jansi/jansi/ivy-1.4.xml
	 trying http://repo1.maven.org/maven2/org/fusesource/jansi/jansi/1.4/jansi-1.4.pom
		tried http://repo1.maven.org/maven2/org/fusesource/jansi/jansi/1.4/jansi-1.4.pom
	Maven Central: found md file for org.fusesource.jansi#jansi;1.4
		=> http://repo1.maven.org/maven2/org/fusesource/jansi/jansi/1.4/jansi-1.4.pom (1.4)
	parser = pom parser
	no ivy file in cache for org.fusesource.jansi#jansi;1.4: tried /Users/linfengchi/git/amandroid/sireum-amandroid-build/sbt/sbtivy/cache/org.fusesource.jansi/jansi/ivy-1.4.xml
downloading http://repo1.maven.org/maven2/org/fusesource/jansi/jansi/1.4/jansi-1.4.pom ...
	Maven Central: downloading http://repo1.maven.org/maven2/org/fusesource/jansi/jansi/1.4/jansi-1.4.pom
		to /Users/linfengchi/git/amandroid/sireum-amandroid-build/sbt/sbtivy/cache/org.fusesource.jansi/jansi/ivy-1.4.xml.original.part
sha1 file found for http://repo1.maven.org/maven2/org/fusesource/jansi/jansi/1.4/jansi-1.4.pom: checking...
	Maven Central: downloading http://repo1.maven.org/maven2/org/fusesource/jansi/jansi/1.4/jansi-1.4.pom.sha1
		to /var/folders/sg/vx2y_7g948vgm_gw7h5zh12h0000gn/T/ivytmp2958404445878504143sha1
sha1 OK for http://repo1.maven.org/maven2/org/fusesource/jansi/jansi/1.4/jansi-1.4.pom
	[SUCCESSFUL ] org.fusesource.jansi#jansi;1.4!jansi.pom(pom.original) (4924ms)
	 trying /Users/linfengchi/git/amandroid/sireum-amandroid-build/sbt/sbtivy/local/org.fusesource.jansi/jansi/1.4/jars/jansi.jar
		tried /Users/linfengchi/git/amandroid/sireum-amandroid-build/sbt/sbtivy/local/org.fusesource.jansi/jansi/1.4/jars/jansi.jar
	local: resource not reachable for org.fusesource.jansi#jansi;1.4: res=/Users/linfengchi/git/amandroid/sireum-amandroid-build/sbt/sbtivy/local/org.fusesource.jansi/jansi/1.4/jars/jansi.jar
	 trying http://repo.typesafe.com/typesafe/ivy-releases/org.fusesource.jansi/jansi/1.4/jars/jansi.jar
		tried http://repo.typesafe.com/typesafe/ivy-releases/org.fusesource.jansi/jansi/1.4/jars/jansi.jar
HTTP response status: 404 url=http://repo.typesafe.com/typesafe/ivy-releases/org.fusesource.jansi/jansi/1.4/jars/jansi.jar
CLIENT ERROR: Not Found url=http://repo.typesafe.com/typesafe/ivy-releases/org.fusesource.jansi/jansi/1.4/jars/jansi.jar
	typesafe-ivy-releases: resource not reachable for org.fusesource.jansi#jansi;1.4: res=http://repo.typesafe.com/typesafe/ivy-releases/org.fusesource.jansi/jansi/1.4/jars/jansi.jar
	 trying http://repo1.maven.org/maven2/org/fusesource/jansi/jansi/1.4/jansi-1.4.jar
		tried http://repo1.maven.org/maven2/org/fusesource/jansi/jansi/1.4/jansi-1.4.jar
no source artifact found for org.fusesource.jansi#jansi;1.4
no javadoc artifact found for org.fusesource.jansi#jansi;1.4
	default-cache: parsed downloaded md file for org.fusesource.jansi#jansi;1.4; parsed=org.fusesource.jansi#jansi;1.4
	checking org.fusesource.jansi#jansi;1.4 from Maven Central against [none]
	module revision kept as first found: org.fusesource.jansi#jansi;1.4 from Maven Central
	found org.fusesource.jansi#jansi;1.4 in Maven Central
== resolving dependencies org.scala-lang#jline;2.10.4->org.fusesource.jansi#jansi;1.4 [compile->compile(*)]
loadData of org.fusesource.jansi#jansi;1.4 of rootConf=default
== resolving dependencies org.scala-sbt#boot-scala;1.0->org.scala-lang#scala-library;2.10.4 [default->default]
loadData of org.scala-lang#scala-library;2.10.4 of rootConf=default
default is loaded and no conf to load.  Skip loading
== resolving dependencies org.scala-sbt#boot-scala;1.0->org.scala-lang#scala-library;2.10.4 [default->runtime]
loadData of org.scala-lang#scala-library;2.10.4 of rootConf=default
default is loaded and no conf to load.  Skip loading
== resolving dependencies org.scala-sbt#boot-scala;1.0->org.scala-lang#scala-library;2.10.4 [default->compile]
loadData of org.scala-lang#scala-library;2.10.4 of rootConf=default
default is loaded and no conf to load.  Skip loading
== resolving dependencies org.scala-sbt#boot-scala;1.0->org.scala-lang#scala-library;2.10.4 [default->master]
loadData of org.scala-lang#scala-library;2.10.4 of rootConf=default
default is loaded and no conf to load.  Skip loading
Nbr of module to sort : 5
Sort dependencies of : org.scala-lang#scala-compiler;2.10.4 / Number of dependencies = 3
Sort dependencies of : org.scala-lang#scala-library;2.10.4 / Number of dependencies = 0
Sort done for : org.scala-lang#scala-library;2.10.4
Sort dependencies of : org.scala-lang#scala-reflect;2.10.4 / Number of dependencies = 1
Module descriptor is processed : org.scala-lang#scala-library;2.10.4
Sort done for : org.scala-lang#scala-reflect;2.10.4
Sort dependencies of : org.scala-lang#jline;2.10.4 / Number of dependencies = 1
Sort dependencies of : org.fusesource.jansi#jansi;1.4 / Number of dependencies = 1
Sort done for : org.fusesource.jansi#jansi;1.4
Sort done for : org.scala-lang#jline;2.10.4
Sort done for : org.scala-lang#scala-compiler;2.10.4
Module descriptor is processed : org.scala-lang#scala-library;2.10.4
Module descriptor is processed : org.scala-lang#scala-reflect;2.10.4
Module descriptor is processed : org.scala-lang#jline;2.10.4
Module descriptor is processed : org.fusesource.jansi#jansi;1.4
storing dependency org.scala-lang#scala-compiler;2.10.4 in props
storing dependency org.scala-lang#scala-library;2.10.4 in props
	resolved ivy file produced in cache
:: downloading artifacts ::
	[NOT REQUIRED] org.scala-lang#scala-compiler;2.10.4!scala-compiler.jar
	[NOT REQUIRED] org.scala-lang#scala-library;2.10.4!scala-library.jar
	[NOT REQUIRED] org.scala-lang#scala-reflect;2.10.4!scala-reflect.jar
	 trying http://repo1.maven.org/maven2/org/scala-lang/jline/2.10.4/jline-2.10.4.jar
		tried http://repo1.maven.org/maven2/org/scala-lang/jline/2.10.4/jline-2.10.4.jar
downloading http://repo1.maven.org/maven2/org/scala-lang/jline/2.10.4/jline-2.10.4.jar ...
	Maven Central: downloading http://repo1.maven.org/maven2/org/scala-lang/jline/2.10.4/jline-2.10.4.jar
		to /Users/linfengchi/git/amandroid/sireum-amandroid-build/sbt/sbtivy/cache/org.scala-lang/jline/jars/jline-2.10.4.jar.part
sha1 file found for http://repo1.maven.org/maven2/org/scala-lang/jline/2.10.4/jline-2.10.4.jar: checking...
	Maven Central: downloading http://repo1.maven.org/maven2/org/scala-lang/jline/2.10.4/jline-2.10.4.jar.sha1
		to /var/folders/sg/vx2y_7g948vgm_gw7h5zh12h0000gn/T/ivytmp9069888831048291975sha1
sha1 OK for http://repo1.maven.org/maven2/org/scala-lang/jline/2.10.4/jline-2.10.4.jar
	[SUCCESSFUL ] org.scala-lang#jline;2.10.4!jline.jar (16275ms)
	 trying http://repo1.maven.org/maven2/org/fusesource/jansi/jansi/1.4/jansi-1.4.jar
		tried http://repo1.maven.org/maven2/org/fusesource/jansi/jansi/1.4/jansi-1.4.jar
downloading http://repo1.maven.org/maven2/org/fusesource/jansi/jansi/1.4/jansi-1.4.jar ...
	Maven Central: downloading http://repo1.maven.org/maven2/org/fusesource/jansi/jansi/1.4/jansi-1.4.jar
		to /Users/linfengchi/git/amandroid/sireum-amandroid-build/sbt/sbtivy/cache/org.fusesource.jansi/jansi/jars/jansi-1.4.jar.part
sha1 file found for http://repo1.maven.org/maven2/org/fusesource/jansi/jansi/1.4/jansi-1.4.jar: checking...
	Maven Central: downloading http://repo1.maven.org/maven2/org/fusesource/jansi/jansi/1.4/jansi-1.4.jar.sha1
		to /var/folders/sg/vx2y_7g948vgm_gw7h5zh12h0000gn/T/ivytmp847808725175857010sha1
sha1 OK for http://repo1.maven.org/maven2/org/fusesource/jansi/jansi/1.4/jansi-1.4.jar
	[SUCCESSFUL ] org.fusesource.jansi#jansi;1.4!jansi.jar (19971ms)
:: resolution report :: resolve 20384ms :: artifacts dl 36251ms
Nbr of module to sort : 5
Sort dependencies of : org.scala-lang#scala-compiler;2.10.4 / Number of dependencies = 3
Sort dependencies of : org.scala-lang#scala-library;2.10.4 / Number of dependencies = 0
Sort done for : org.scala-lang#scala-library;2.10.4
Sort dependencies of : org.scala-lang#scala-reflect;2.10.4 / Number of dependencies = 1
Module descriptor is processed : org.scala-lang#scala-library;2.10.4
Sort done for : org.scala-lang#scala-reflect;2.10.4
Sort dependencies of : org.scala-lang#jline;2.10.4 / Number of dependencies = 1
Sort dependencies of : org.fusesource.jansi#jansi;1.4 / Number of dependencies = 1
Sort done for : org.fusesource.jansi#jansi;1.4
Sort done for : org.scala-lang#jline;2.10.4
Sort done for : org.scala-lang#scala-compiler;2.10.4
Module descriptor is processed : org.scala-lang#scala-library;2.10.4
Module descriptor is processed : org.scala-lang#scala-reflect;2.10.4
Module descriptor is processed : org.scala-lang#jline;2.10.4
Module descriptor is processed : org.fusesource.jansi#jansi;1.4
	report for org.scala-sbt#boot-scala;1.0 default produced in /Users/linfengchi/git/amandroid/sireum-amandroid-build/sbt/boot/resolution-cache/org.scala-sbt-boot-scala-default.xml
	resolve done (20384ms resolve - 36251ms download)
setting 'scala' to '2.10.4'
:: retrieving :: org.scala-sbt#boot-scala
	checkUpToDate=true
post 1.3 ivy file: using exact as default matcher
no explicit confs given for retrieve, using ivy file: file:/Users/linfengchi/git/amandroid/sireum-amandroid-build/sbt/boot/resolution-cache/resolved-org.scala-sbt-boot-scala-1.0.xml
	confs: [default]
	retrieving /Users/linfengchi/git/amandroid/sireum-amandroid-build/sbt/sbtivy/cache/org.scala-lang/scala-compiler/jars/scala-compiler-2.10.4.jar
		to /Users/linfengchi/git/amandroid/sireum-amandroid-build/sbt/boot/scala-2.10.4/lib/scala-compiler.jar
	retrieving /Users/linfengchi/git/amandroid/sireum-amandroid-build/sbt/sbtivy/cache/org.fusesource.jansi/jansi/jars/jansi-1.4.jar
		to /Users/linfengchi/git/amandroid/sireum-amandroid-build/sbt/boot/scala-2.10.4/lib/jansi.jar
	retrieving /Users/linfengchi/git/amandroid/sireum-amandroid-build/sbt/sbtivy/cache/org.scala-lang/scala-reflect/jars/scala-reflect-2.10.4.jar
		to /Users/linfengchi/git/amandroid/sireum-amandroid-build/sbt/boot/scala-2.10.4/lib/scala-reflect.jar
	retrieving /Users/linfengchi/git/amandroid/sireum-amandroid-build/sbt/sbtivy/cache/org.scala-lang/jline/jars/jline-2.10.4.jar
		to /Users/linfengchi/git/amandroid/sireum-amandroid-build/sbt/boot/scala-2.10.4/lib/jline.jar
	retrieving /Users/linfengchi/git/amandroid/sireum-amandroid-build/sbt/sbtivy/cache/org.scala-lang/scala-library/jars/scala-library-2.10.4.jar
		to /Users/linfengchi/git/amandroid/sireum-amandroid-build/sbt/boot/scala-2.10.4/lib/scala-library.jar
	5 artifacts copied, 0 already retrieved (24459kB/26ms)
	retrieve done (26ms)
